0 silly input []
1 silly flags { _: [ 'bootstrap' ],
1 silly flags   'reject-cycles': false,
1 silly flags   rejectCycles: false,
1 silly flags   args: [] }
2 verbose rootPath D:\workspace\web\my-snake
3 info version 2.9.0
4 silly existsSync D:\workspace\web\my-snake\VERSION
5 silly initialize attempt
6 silly npmConfig { registry: undefined,
6 silly npmConfig   npmClient: undefined,
6 silly npmConfig   npmClientArgs: undefined,
6 silly npmConfig   mutex: undefined }
7 silly initialize success
8 silly execute attempt
9 info Bootstrapping 3 packages
10 info lifecycle preinstall
11 silly runScript preinstall cljs-snake
12 silly cljs-snake
13 silly runScript preinstall flow-snake
14 silly flow-snake
15 silly runScript preinstall ts-snake
16 silly ts-snake
17 silly hasDependencyInstalled ts-snake autoprefixer
18 silly dependencyIsSatisfied [ 'autoprefixer',
18 silly dependencyIsSatisfied   '^7.1.3',
18 silly dependencyIsSatisfied   'D:\\workspace\\web\\my-snake\\packages\\typescript\\node_modules' ]
19 verbose dependencyIsSatisfied autoprefixer false
20 silly hasDependencyInstalled ts-snake babel-loader
21 silly dependencyIsSatisfied [ 'babel-loader',
21 silly dependencyIsSatisfied   '^7.1.2',
21 silly dependencyIsSatisfied   'D:\\workspace\\web\\my-snake\\packages\\typescript\\node_modules' ]
22 verbose dependencyIsSatisfied babel-loader false
23 silly hasDependencyInstalled ts-snake css-loader
24 silly dependencyIsSatisfied [ 'css-loader',
24 silly dependencyIsSatisfied   '^0.28.5',
24 silly dependencyIsSatisfied   'D:\\workspace\\web\\my-snake\\packages\\typescript\\node_modules' ]
25 verbose dependencyIsSatisfied css-loader false
26 silly hasDependencyInstalled ts-snake extract-text-webpack-plugin
27 silly dependencyIsSatisfied [ 'extract-text-webpack-plugin',
27 silly dependencyIsSatisfied   '^3.0.0',
27 silly dependencyIsSatisfied   'D:\\workspace\\web\\my-snake\\packages\\typescript\\node_modules' ]
28 verbose dependencyIsSatisfied extract-text-webpack-plugin false
29 silly hasDependencyInstalled ts-snake html-webpack-plugin
30 silly dependencyIsSatisfied [ 'html-webpack-plugin',
30 silly dependencyIsSatisfied   '^2.30.1',
30 silly dependencyIsSatisfied   'D:\\workspace\\web\\my-snake\\packages\\typescript\\node_modules' ]
31 verbose dependencyIsSatisfied html-webpack-plugin false
32 silly hasDependencyInstalled ts-snake url-loader
33 silly dependencyIsSatisfied [ 'url-loader',
33 silly dependencyIsSatisfied   '^0.5.9',
33 silly dependencyIsSatisfied   'D:\\workspace\\web\\my-snake\\packages\\typescript\\node_modules' ]
34 verbose dependencyIsSatisfied url-loader false
35 silly hasDependencyInstalled ts-snake webpack
36 silly dependencyIsSatisfied [ 'webpack',
36 silly dependencyIsSatisfied   '^3.5.5',
36 silly dependencyIsSatisfied   'D:\\workspace\\web\\my-snake\\packages\\typescript\\node_modules' ]
37 verbose dependencyIsSatisfied webpack false
38 silly hasDependencyInstalled cljs-snake shadow-cljs
39 silly dependencyIsSatisfied [ 'shadow-cljs',
39 silly dependencyIsSatisfied   '^2.0.2',
39 silly dependencyIsSatisfied   'D:\\workspace\\web\\my-snake\\packages\\clojurescript\\node_modules' ]
40 verbose dependencyIsSatisfied shadow-cljs false
41 silly hasDependencyInstalled ts-snake babel-polyfill
42 silly dependencyIsSatisfied [ 'babel-polyfill',
42 silly dependencyIsSatisfied   '^6.26.0',
42 silly dependencyIsSatisfied   'D:\\workspace\\web\\my-snake\\packages\\typescript\\node_modules' ]
43 verbose dependencyIsSatisfied babel-polyfill false
44 silly hasDependencyInstalled ts-snake chai
45 silly dependencyIsSatisfied [ 'chai',
45 silly dependencyIsSatisfied   '^4.1.1',
45 silly dependencyIsSatisfied   'D:\\workspace\\web\\my-snake\\packages\\typescript\\node_modules' ]
46 verbose dependencyIsSatisfied chai false
47 silly hasDependencyInstalled ts-snake mocha
48 silly dependencyIsSatisfied [ 'mocha',
48 silly dependencyIsSatisfied   '^3.5.0',
48 silly dependencyIsSatisfied   'D:\\workspace\\web\\my-snake\\packages\\typescript\\node_modules' ]
49 verbose dependencyIsSatisfied mocha false
50 silly hasDependencyInstalled ts-snake mocha-cli
51 silly dependencyIsSatisfied [ 'mocha-cli',
51 silly dependencyIsSatisfied   '^1.0.1',
51 silly dependencyIsSatisfied   'D:\\workspace\\web\\my-snake\\packages\\typescript\\node_modules' ]
52 verbose dependencyIsSatisfied mocha-cli false
53 silly hasDependencyInstalled ts-snake my-jquery
54 silly dependencyIsSatisfied [ 'my-jquery',
54 silly dependencyIsSatisfied   '^0.1.3',
54 silly dependencyIsSatisfied   'D:\\workspace\\web\\my-snake\\packages\\typescript\\node_modules' ]
55 verbose dependencyIsSatisfied my-jquery false
56 silly hasDependencyInstalled ts-snake node-sass
57 silly dependencyIsSatisfied [ 'node-sass',
57 silly dependencyIsSatisfied   '^4.5.3',
57 silly dependencyIsSatisfied   'D:\\workspace\\web\\my-snake\\packages\\typescript\\node_modules' ]
58 verbose dependencyIsSatisfied node-sass false
59 silly hasDependencyInstalled ts-snake postcss-loader
60 silly dependencyIsSatisfied [ 'postcss-loader',
60 silly dependencyIsSatisfied   '^2.0.6',
60 silly dependencyIsSatisfied   'D:\\workspace\\web\\my-snake\\packages\\typescript\\node_modules' ]
61 verbose dependencyIsSatisfied postcss-loader false
62 silly hasDependencyInstalled ts-snake sass-loader
63 silly dependencyIsSatisfied [ 'sass-loader',
63 silly dependencyIsSatisfied   '^6.0.6',
63 silly dependencyIsSatisfied   'D:\\workspace\\web\\my-snake\\packages\\typescript\\node_modules' ]
64 verbose dependencyIsSatisfied sass-loader false
65 silly hasDependencyInstalled ts-snake style-loader
66 silly dependencyIsSatisfied [ 'style-loader',
66 silly dependencyIsSatisfied   '^0.18.2',
66 silly dependencyIsSatisfied   'D:\\workspace\\web\\my-snake\\packages\\typescript\\node_modules' ]
67 verbose dependencyIsSatisfied style-loader false
68 silly hasDependencyInstalled ts-snake ts-loader
69 silly dependencyIsSatisfied [ 'ts-loader',
69 silly dependencyIsSatisfied   '^2.3.4',
69 silly dependencyIsSatisfied   'D:\\workspace\\web\\my-snake\\packages\\typescript\\node_modules' ]
70 verbose dependencyIsSatisfied ts-loader false
71 silly hasDependencyInstalled ts-snake typescript
72 silly dependencyIsSatisfied [ 'typescript',
72 silly dependencyIsSatisfied   '^2.4.2',
72 silly dependencyIsSatisfied   'D:\\workspace\\web\\my-snake\\packages\\typescript\\node_modules' ]
73 verbose dependencyIsSatisfied typescript false
74 silly hasDependencyInstalled ts-snake webpack-cli
75 silly dependencyIsSatisfied [ 'webpack-cli',
75 silly dependencyIsSatisfied   '^1.3.3',
75 silly dependencyIsSatisfied   'D:\\workspace\\web\\my-snake\\packages\\typescript\\node_modules' ]
76 verbose dependencyIsSatisfied webpack-cli false
77 silly hasDependencyInstalled ts-snake webpack-dev-server
78 silly dependencyIsSatisfied [ 'webpack-dev-server',
78 silly dependencyIsSatisfied   '^2.7.1',
78 silly dependencyIsSatisfied   'D:\\workspace\\web\\my-snake\\packages\\typescript\\node_modules' ]
79 verbose dependencyIsSatisfied webpack-dev-server false
80 silly root dependencies []
81 silly leaf dependencies {
81 silly leaf dependencies   "ts-snake": [
81 silly leaf dependencies     {
81 silly leaf dependencies       "dependency": "autoprefixer@^7.1.3",
81 silly leaf dependencies       "isSatisfied": false
81 silly leaf dependencies     },
81 silly leaf dependencies     {
81 silly leaf dependencies       "dependency": "babel-loader@^7.1.2",
81 silly leaf dependencies       "isSatisfied": false
81 silly leaf dependencies     },
81 silly leaf dependencies     {
81 silly leaf dependencies       "dependency": "css-loader@^0.28.5",
81 silly leaf dependencies       "isSatisfied": false
81 silly leaf dependencies     },
81 silly leaf dependencies     {
81 silly leaf dependencies       "dependency": "extract-text-webpack-plugin@^3.0.0",
81 silly leaf dependencies       "isSatisfied": false
81 silly leaf dependencies     },
81 silly leaf dependencies     {
81 silly leaf dependencies       "dependency": "html-webpack-plugin@^2.30.1",
81 silly leaf dependencies       "isSatisfied": false
81 silly leaf dependencies     },
81 silly leaf dependencies     {
81 silly leaf dependencies       "dependency": "url-loader@^0.5.9",
81 silly leaf dependencies       "isSatisfied": false
81 silly leaf dependencies     },
81 silly leaf dependencies     {
81 silly leaf dependencies       "dependency": "webpack@^3.5.5",
81 silly leaf dependencies       "isSatisfied": false
81 silly leaf dependencies     },
81 silly leaf dependencies     {
81 silly leaf dependencies       "dependency": "babel-polyfill@^6.26.0",
81 silly leaf dependencies       "isSatisfied": false
81 silly leaf dependencies     },
81 silly leaf dependencies     {
81 silly leaf dependencies       "dependency": "chai@^4.1.1",
81 silly leaf dependencies       "isSatisfied": false
81 silly leaf dependencies     },
81 silly leaf dependencies     {
81 silly leaf dependencies       "dependency": "mocha@^3.5.0",
81 silly leaf dependencies       "isSatisfied": false
81 silly leaf dependencies     },
81 silly leaf dependencies     {
81 silly leaf dependencies       "dependency": "mocha-cli@^1.0.1",
81 silly leaf dependencies       "isSatisfied": false
81 silly leaf dependencies     },
81 silly leaf dependencies     {
81 silly leaf dependencies       "dependency": "my-jquery@^0.1.3",
81 silly leaf dependencies       "isSatisfied": false
81 silly leaf dependencies     },
81 silly leaf dependencies     {
81 silly leaf dependencies       "dependency": "node-sass@^4.5.3",
81 silly leaf dependencies       "isSatisfied": false
81 silly leaf dependencies     },
81 silly leaf dependencies     {
81 silly leaf dependencies       "dependency": "postcss-loader@^2.0.6",
81 silly leaf dependencies       "isSatisfied": false
81 silly leaf dependencies     },
81 silly leaf dependencies     {
81 silly leaf dependencies       "dependency": "sass-loader@^6.0.6",
81 silly leaf dependencies       "isSatisfied": false
81 silly leaf dependencies     },
81 silly leaf dependencies     {
81 silly leaf dependencies       "dependency": "style-loader@^0.18.2",
81 silly leaf dependencies       "isSatisfied": false
81 silly leaf dependencies     },
81 silly leaf dependencies     {
81 silly leaf dependencies       "dependency": "ts-loader@^2.3.4",
81 silly leaf dependencies       "isSatisfied": false
81 silly leaf dependencies     },
81 silly leaf dependencies     {
81 silly leaf dependencies       "dependency": "typescript@^2.4.2",
81 silly leaf dependencies       "isSatisfied": false
81 silly leaf dependencies     },
81 silly leaf dependencies     {
81 silly leaf dependencies       "dependency": "webpack-cli@^1.3.3",
81 silly leaf dependencies       "isSatisfied": false
81 silly leaf dependencies     },
81 silly leaf dependencies     {
81 silly leaf dependencies       "dependency": "webpack-dev-server@^2.7.1",
81 silly leaf dependencies       "isSatisfied": false
81 silly leaf dependencies     }
81 silly leaf dependencies   ],
81 silly leaf dependencies   "cljs-snake": [
81 silly leaf dependencies     {
81 silly leaf dependencies       "dependency": "shadow-cljs@^2.0.2",
81 silly leaf dependencies       "isSatisfied": false
81 silly leaf dependencies     }
81 silly leaf dependencies   ]
81 silly leaf dependencies }
82 info Installing external dependencies
83 verbose actions 2 actions, concurrency 4
84 silly installInDir typescript [ 'autoprefixer@^7.1.3',
84 silly installInDir   'babel-loader@^7.1.2',
84 silly installInDir   'css-loader@^0.28.5',
84 silly installInDir   'extract-text-webpack-plugin@^3.0.0',
84 silly installInDir   'html-webpack-plugin@^2.30.1',
84 silly installInDir   'url-loader@^0.5.9',
84 silly installInDir   'webpack@^3.5.5',
84 silly installInDir   'babel-polyfill@^6.26.0',
84 silly installInDir   'chai@^4.1.1',
84 silly installInDir   'mocha@^3.5.0',
84 silly installInDir   'mocha-cli@^1.0.1',
84 silly installInDir   'my-jquery@^0.1.3',
84 silly installInDir   'node-sass@^4.5.3',
84 silly installInDir   'postcss-loader@^2.0.6',
84 silly installInDir   'sass-loader@^6.0.6',
84 silly installInDir   'style-loader@^0.18.2',
84 silly installInDir   'ts-loader@^2.3.4',
84 silly installInDir   'typescript@^2.4.2',
84 silly installInDir   'webpack-cli@^1.3.3',
84 silly installInDir   'webpack-dev-server@^2.7.1' ]
85 silly installInDir backup D:\workspace\web\my-snake\packages\typescript\package.json
86 silly rename [ 'D:\\workspace\\web\\my-snake\\packages\\typescript\\package.json',
86 silly rename   'D:\\workspace\\web\\my-snake\\packages\\typescript\\package.json.lerna_backup' ]
87 silly installInDir clojurescript [ 'shadow-cljs@^2.0.2' ]
88 silly installInDir backup D:\workspace\web\my-snake\packages\clojurescript\package.json
89 silly rename [ 'D:\\workspace\\web\\my-snake\\packages\\clojurescript\\package.json',
89 silly rename   'D:\\workspace\\web\\my-snake\\packages\\clojurescript\\package.json.lerna_backup' ]
90 silly installInDir writing tempJson { dependencies: { 'shadow-cljs': '^2.0.2' } }
91 silly installInDir writing tempJson { dependencies:
91 silly installInDir    { autoprefixer: '^7.1.3',
91 silly installInDir      'babel-loader': '^7.1.2',
91 silly installInDir      'css-loader': '^0.28.5',
91 silly installInDir      'extract-text-webpack-plugin': '^3.0.0',
91 silly installInDir      'html-webpack-plugin': '^2.30.1',
91 silly installInDir      'url-loader': '^0.5.9',
91 silly installInDir      webpack: '^3.5.5',
91 silly installInDir      'babel-polyfill': '^6.26.0',
91 silly installInDir      chai: '^4.1.1',
91 silly installInDir      mocha: '^3.5.0',
91 silly installInDir      'mocha-cli': '^1.0.1',
91 silly installInDir      'my-jquery': '^0.1.3',
91 silly installInDir      'node-sass': '^4.5.3',
91 silly installInDir      'postcss-loader': '^2.0.6',
91 silly installInDir      'sass-loader': '^6.0.6',
91 silly installInDir      'style-loader': '^0.18.2',
91 silly installInDir      'ts-loader': '^2.3.4',
91 silly installInDir      typescript: '^2.4.2',
91 silly installInDir      'webpack-cli': '^1.3.3',
91 silly installInDir      'webpack-dev-server': '^2.7.1' } }
92 silly getExecOpts { cwd: 'D:\\workspace\\web\\my-snake\\packages\\typescript' }
93 silly installInDir [ 'npm', [ 'install' ] ]
94 silly getExecOpts { cwd: 'D:\\workspace\\web\\my-snake\\packages\\clojurescript' }
95 silly installInDir [ 'npm', [ 'install' ] ]
96 silly installInDir cleanup D:\workspace\web\my-snake\packages\clojurescript\package.json
97 silly renameSync [ 'D:\\workspace\\web\\my-snake\\packages\\clojurescript\\package.json.lerna_backup',
97 silly renameSync   'D:\\workspace\\web\\my-snake\\packages\\clojurescript\\package.json' ]
98 verbose installed leaf cljs-snake
99 silly installInDir cleanup D:\workspace\web\my-snake\packages\typescript\package.json
100 silly renameSync [ 'D:\\workspace\\web\\my-snake\\packages\\typescript\\package.json.lerna_backup',
100 silly renameSync   'D:\\workspace\\web\\my-snake\\packages\\typescript\\package.json' ]
101 verbose installed leaf ts-snake
102 error execute callback with error
103 error Error: Command failed: npm install
103 error npm WARN deprecated babel-preset-es2015@6.24.1: ????  Thanks for using Babel: we recommend using babel-preset-env now: please read babeljs.io/env to update!
103 error npm WARN deprecated nomnom@1.8.1: Package no longer supported. Contact support@npmjs.com for more info.
103 error Cannot download "https://github.com/sass/node-sass/releases/download/v4.8.3/win32-x64-57_binding.node":
103 error
103 error connect ETIMEDOUT 54.231.50.10:443
103 error
103 error Timed out whilst downloading the prebuilt binary
103 error
103 error Hint: If github.com is not accessible in your location
103 error       try setting a proxy via HTTP_PROXY, e.g.
103 error
103 error       export HTTP_PROXY=http://example.com:1234
103 error
103 error or configure npm proxy via
103 error
103 error       npm config set proxy http://example.com:8080
103 error gyp info it worked if it ends with ok
103 error gyp verb cli [ 'D:\\Program Files\\nodejs\\node.exe',
103 error gyp verb cli   'D:\\workspace\\web\\my-snake\\packages\\typescript\\node_modules\\node-gyp\\bin\\node-gyp.js',
103 error gyp verb cli   'rebuild',
103 error gyp verb cli   '--verbose',
103 error gyp verb cli   '--libsass_ext=',
103 error gyp verb cli   '--libsass_cflags=',
103 error gyp verb cli   '--libsass_ldflags=',
103 error gyp verb cli   '--libsass_library=' ]
103 error gyp info using node-gyp@3.6.2
103 error gyp info using node@8.9.4 | win32 | x64
103 error gyp verb command rebuild []
103 error gyp verb command clean []
103 error gyp verb clean removing "build" directory
103 error gyp verb command configure []
103 error gyp verb download using dist-url https://npm.taobao.org/dist
103 error gyp verb check python checking for Python executable "python2" in the PATH
103 error gyp verb `which` failed Error: not found: python2
103 error gyp verb `which` failed     at getNotFoundError (D:\workspace\web\my-snake\packages\typescript\node_modules\which\which.js:13:12)
103 error gyp verb `which` failed     at F (D:\workspace\web\my-snake\packages\typescript\node_modules\which\which.js:68:19)
103 error gyp verb `which` failed     at E (D:\workspace\web\my-snake\packages\typescript\node_modules\which\which.js:80:29)
103 error gyp verb `which` failed     at D:\workspace\web\my-snake\packages\typescript\node_modules\which\which.js:89:16
103 error gyp verb `which` failed     at D:\workspace\web\my-snake\packages\typescript\node_modules\isexe\index.js:42:5
103 error gyp verb `which` failed     at D:\workspace\web\my-snake\packages\typescript\node_modules\isexe\windows.js:36:5
103 error gyp verb `which` failed     at FSReqWrap.oncomplete (fs.js:152:21)
103 error gyp verb `which` failed  python2 { Error: not found: python2
103 error gyp verb `which` failed     at getNotFoundError (D:\workspace\web\my-snake\packages\typescript\node_modules\which\which.js:13:12)
103 error gyp verb `which` failed     at F (D:\workspace\web\my-snake\packages\typescript\node_modules\which\which.js:68:19)
103 error gyp verb `which` failed     at E (D:\workspace\web\my-snake\packages\typescript\node_modules\which\which.js:80:29)
103 error gyp verb `which` failed     at D:\workspace\web\my-snake\packages\typescript\node_modules\which\which.js:89:16
103 error gyp verb `which` failed     at D:\workspace\web\my-snake\packages\typescript\node_modules\isexe\index.js:42:5
103 error gyp verb `which` failed     at D:\workspace\web\my-snake\packages\typescript\node_modules\isexe\windows.js:36:5
103 error gyp verb `which` failed     at FSReqWrap.oncomplete (fs.js:152:21)
103 error gyp verb `which` failed   stack: 'Error: not found: python2\n    at getNotFoundError (D:\\workspace\\web\\my-snake\\packages\\typescript\\node_modules\\which\\which.js:13:12)\n    at F (D:\\workspace\\web\\my-snake\\packages\\typescript\\node_modules\\which\\which.js:68:19)\n    at E (D:\\workspace\\web\\my-snake\\packages\\typescript\\node_modules\\which\\which.js:80:29)\n    at D:\\workspace\\web\\my-snake\\packages\\typescript\\node_modules\\which\\which.js:89:16\n    at D:\\workspace\\web\\my-snake\\packages\\typescript\\node_modules\\isexe\\index.js:42:5\n    at D:\\workspace\\web\\my-snake\\packages\\typescript\\node_modules\\isexe\\windows.js:36:5\n    at FSReqWrap.oncomplete (fs.js:152:21)',
103 error gyp verb `which` failed   code: 'ENOENT' }
103 error gyp verb check python checking for Python executable "python" in the PATH
103 error gyp verb `which` failed Error: not found: python
103 error gyp verb `which` failed     at getNotFoundError (D:\workspace\web\my-snake\packages\typescript\node_modules\which\which.js:13:12)
103 error gyp verb `which` failed     at F (D:\workspace\web\my-snake\packages\typescript\node_modules\which\which.js:68:19)
103 error gyp verb `which` failed     at E (D:\workspace\web\my-snake\packages\typescript\node_modules\which\which.js:80:29)
103 error gyp verb `which` failed     at D:\workspace\web\my-snake\packages\typescript\node_modules\which\which.js:89:16
103 error gyp verb `which` failed     at D:\workspace\web\my-snake\packages\typescript\node_modules\isexe\index.js:42:5
103 error gyp verb `which` failed     at D:\workspace\web\my-snake\packages\typescript\node_modules\isexe\windows.js:36:5
103 error gyp verb `which` failed     at FSReqWrap.oncomplete (fs.js:152:21)
103 error gyp verb `which` failed  python { Error: not found: python
103 error gyp verb `which` failed     at getNotFoundError (D:\workspace\web\my-snake\packages\typescript\node_modules\which\which.js:13:12)
103 error gyp verb `which` failed     at F (D:\workspace\web\my-snake\packages\typescript\node_modules\which\which.js:68:19)
103 error gyp verb `which` failed     at E (D:\workspace\web\my-snake\packages\typescript\node_modules\which\which.js:80:29)
103 error gyp verb `which` failed     at D:\workspace\web\my-snake\packages\typescript\node_modules\which\which.js:89:16
103 error gyp verb `which` failed     at D:\workspace\web\my-snake\packages\typescript\node_modules\isexe\index.js:42:5
103 error gyp verb `which` failed     at D:\workspace\web\my-snake\packages\typescript\node_modules\isexe\windows.js:36:5
103 error gyp verb `which` failed     at FSReqWrap.oncomplete (fs.js:152:21)
103 error gyp verb `which` failed   stack: 'Error: not found: python\n    at getNotFoundError (D:\\workspace\\web\\my-snake\\packages\\typescript\\node_modules\\which\\which.js:13:12)\n    at F (D:\\workspace\\web\\my-snake\\packages\\typescript\\node_modules\\which\\which.js:68:19)\n    at E (D:\\workspace\\web\\my-snake\\packages\\typescript\\node_modules\\which\\which.js:80:29)\n    at D:\\workspace\\web\\my-snake\\packages\\typescript\\node_modules\\which\\which.js:89:16\n    at D:\\workspace\\web\\my-snake\\packages\\typescript\\node_modules\\isexe\\index.js:42:5\n    at D:\\workspace\\web\\my-snake\\packages\\typescript\\node_modules\\isexe\\windows.js:36:5\n    at FSReqWrap.oncomplete (fs.js:152:21)',
103 error gyp verb `which` failed   code: 'ENOENT' }
103 error gyp verb could not find "python". checking python launcher
103 error gyp verb could not find "python". guessing location
103 error gyp verb ensuring that file exists: C:\Python27\python.exe
103 error gyp ERR! configure error
103 error gyp ERR! stack Error: Can't find Python executable "python", you can set the PYTHON env variable.
103 error gyp ERR! stack     at PythonFinder.failNoPython (D:\workspace\web\my-snake\packages\typescript\node_modules\node-gyp\lib\configure.js:483:19)
103 error gyp ERR! stack     at PythonFinder.<anonymous> (D:\workspace\web\my-snake\packages\typescript\node_modules\node-gyp\lib\configure.js:508:16)
103 error gyp ERR! stack     at D:\workspace\web\my-snake\packages\typescript\node_modules\graceful-fs\polyfills.js:284:29
103 error gyp ERR! stack     at FSReqWrap.oncomplete (fs.js:152:21)
103 error gyp ERR! System Windows_NT 10.0.14393
103 error gyp ERR! command "D:\\Program Files\\nodejs\\node.exe" "D:\\workspace\\web\\my-snake\\packages\\typescript\\node_modules\\node-gyp\\bin\\node-gyp.js" "rebuild" "--verbose" "--libsass_ext=" "--libsass_cflags=" "--libsass_ldflags=" "--libsass_library="
103 error gyp ERR! cwd D:\workspace\web\my-snake\packages\typescript\node_modules\node-sass
103 error gyp ERR! node -v v8.9.4
103 error gyp ERR! node-gyp -v v3.6.2
103 error gyp ERR! not ok
103 error Build failed with error code: 1
103 error npm WARN url-loader@0.5.9 requires a peer of file-loader@* but none is installed. You must install peer dependencies yourself.
103 error npm WARN ajv-keywords@3.1.0 requires a peer of ajv@^6.0.0 but none is installed. You must install peer dependencies yourself.
103 error npm WARN typescript No repository field.
103 error npm WARN typescript No license field.
103 error npm WARN optional SKIPPING OPTIONAL DEPENDENCY: fsevents@1.1.3 (node_modules\fsevents):
103 error npm WARN notsup SKIPPING OPTIONAL DEPENDENCY: Unsupported platform for fsevents@1.1.3: wanted {"os":"darwin","arch":"any"} (current: {"os":"win32","arch":"x64"})
103 error
103 error npm ERR! code ELIFECYCLE
103 error npm ERR! errno 1
103 error npm ERR! node-sass@4.8.3 postinstall: `node scripts/build.js`
103 error npm ERR! Exit status 1
103 error npm ERR!
103 error npm ERR! Failed at the node-sass@4.8.3 postinstall script.
103 error npm ERR! This is probably not a problem with npm. There is likely additional logging output above.
103 error
103 error npm ERR! A complete log of this run can be found in:
103 error npm ERR!     C:\Users\njz\AppData\Roaming\npm-cache\_logs\2018-03-25T14_33_16_065Z-debug.log
103 error
103 error > node-sass@4.8.3 install D:\workspace\web\my-snake\packages\typescript\node_modules\node-sass
103 error > node scripts/install.js
103 error
103 error Downloading binary from https://github.com/sass/node-sass/releases/download/v4.8.3/win32-x64-57_binding.node
103 error
103 error > spawn-sync@1.0.15 postinstall D:\workspace\web\my-snake\packages\typescript\node_modules\spawn-sync
103 error > node postinstall
103 error
103 error
103 error > uglifyjs-webpack-plugin@0.4.6 postinstall D:\workspace\web\my-snake\packages\typescript\node_modules\uglifyjs-webpack-plugin
103 error > node lib/post_install.js
103 error
103 error
103 error > node-sass@4.8.3 postinstall D:\workspace\web\my-snake\packages\typescript\node_modules\node-sass
103 error > node scripts/build.js
103 error
103 error Building: D:\Program Files\nodejs\node.exe D:\workspace\web\my-snake\packages\typescript\node_modules\node-gyp\bin\node-gyp.js rebuild --verbose --libsass_ext= --libsass_cflags= --libsass_ldflags= --libsass_library=
103 error
103 error     at Promise.all.then.arr (C:\Users\njz\AppData\Roaming\npm\node_modules\lerna\node_modules\execa\index.js:236:11)
103 error     at <anonymous>
